生成启动时间为 2017/3/17 16:57:28。
     1>项目“H:\Work\StandardCode\CPR\Post\TecplotTest\TecplotTest\TecplotTest\TecplotTest.vcxproj”在节点 2 上(Build 个目标)。
     1>InitializeBuildStatus:
         正在对“Debug\TecplotTest.unsuccessfulbuild”执行 Touch 任务。
       ClCompile:
         E:\Program Files (x86)\Microsoft Visual Studio 11.0\VC\bin\CL.exe /c /IE:\ResearchSoftware\vs2012\VC\include /I"E:\Program Files\Tecplot\Tec360 2013R1\bin" /ZI /nologo /W3 /WX- /sdl /Od /Oy- /D WIN32 /D _DEBUG /D _CONSOLE /D _MBCS /D _UNICODE /D UNICODE /D "C:\Program Files (x86)\VTK\include\vtk-5.10" /Gm /EHsc /RTC1 /MDd /GS /Zc:wchar_t /Zc:forScope /Fo"Debug\\" /Fd"Debug\vc110.pdb" /Gd /TP /analyze- /errorReport:prompt tectest.cpp
         tectest.cpp
       Link:
         E:\Program Files (x86)\Microsoft Visual Studio 11.0\VC\bin\link.exe /ERRORREPORT:PROMPT /OUT:"H:\Work\StandardCode\CPR\Post\TecplotTest\TecplotTest\Debug\TecplotTest.exe" /INCREMENTAL /NOLOGO tecio.lib /MANIFEST /MANIFESTUAC:"level='asInvoker' uiAccess='false'" /manifest:embed /DEBUG /PDB:"H:\Work\StandardCode\CPR\Post\TecplotTest\TecplotTest\Debug\TecplotTest.pdb" /SUBSYSTEM:CONSOLE /TLBID:1 /DYNAMICBASE /NXCOMPAT /IMPLIB:"H:\Work\StandardCode\CPR\Post\TecplotTest\TecplotTest\Debug\TecplotTest.lib" /MACHINE:X86 Debug\tectest.obj
         tecio.lib
     1>tectest.obj : error LNK2019: 无法解析的外部符号 __imp__tecini112@28，该符号在函数 _main 中被引用
     1>tectest.obj : error LNK2019: 无法解析的外部符号 __imp__teczne112@84，该符号在函数 _main 中被引用
     1>tectest.obj : error LNK2019: 无法解析的外部符号 __imp__tecdat112@12，该符号在函数 _main 中被引用
     1>tectest.obj : error LNK2019: 无法解析的外部符号 __imp__tecend112@0，该符号在函数 _main 中被引用
     1>H:\Work\StandardCode\CPR\Post\TecplotTest\TecplotTest\Debug\TecplotTest.exe : fatal error LNK1120: 4 个无法解析的外部命令
     1>已完成生成项目“H:\Work\StandardCode\CPR\Post\TecplotTest\TecplotTest\TecplotTest\TecplotTest.vcxproj”(Build 个目标)的操作 - 失败。

生成失败。

已用时间 00:00:01.70
